CRITICAL - 2021-11-22 00:50:59 --> Invalid file: home_biodata.php
#0 C:\xampp\htdocs\PraktikumPWEB\pert3\system\View\View.php(198): CodeIgniter\Exceptions\FrameworkException::forInvalidFile('home_biodata.ph...')
#1 C:\xampp\htdocs\PraktikumPWEB\pert3\system\Common.php(1092): CodeIgniter\View\View->render('home_biodata', Array, true)
#2 C:\xampp\htdocs\PraktikumPWEB\pert3\app\Controllers\Home.php(9): view('home_biodata')
#3 C:\xampp\htdocs\PraktikumPWEB\pert3\system\CodeIgniter.php(802): App\Controllers\Home->index()
#4 C:\xampp\htdocs\PraktikumPWEB\pert3\system\CodeIgniter.php(399): CodeIgniter\CodeIgniter->runController(Object(App\Controllers\Home))
#5 C:\xampp\htdocs\PraktikumPWEB\pert3\system\CodeIgniter.php(317): CodeIgniter\CodeIgniter->handleRequest(NULL, Object(Config\Cache), false)
#6 C:\xampp\htdocs\PraktikumPWEB\pert3\public\index.php(37): CodeIgniter\CodeIgniter->run()
#7 C:\xampp\htdocs\PraktikumPWEB\pert3\system\Commands\Server\rewrite.php(43): require_once('C:\\xampp\\htdocs...')
#8 {main}
CRITICAL - 2021-11-22 00:51:51 --> Invalid file: home_biodata.php
#0 C:\xampp\htdocs\PraktikumPWEB\pert3\system\View\View.php(198): CodeIgniter\Exceptions\FrameworkException::forInvalidFile('home_biodata.ph...')
#1 C:\xampp\htdocs\PraktikumPWEB\pert3\system\Common.php(1092): CodeIgniter\View\View->render('home_biodata', Array, true)
#2 C:\xampp\htdocs\PraktikumPWEB\pert3\app\Controllers\Home.php(9): view('home_biodata')
#3 C:\xampp\htdocs\PraktikumPWEB\pert3\system\CodeIgniter.php(802): App\Controllers\Home->index()
#4 C:\xampp\htdocs\PraktikumPWEB\pert3\system\CodeIgniter.php(399): CodeIgniter\CodeIgniter->runController(Object(App\Controllers\Home))
#5 C:\xampp\htdocs\PraktikumPWEB\pert3\system\CodeIgniter.php(317): CodeIgniter\CodeIgniter->handleRequest(NULL, Object(Config\Cache), false)
#6 C:\xampp\htdocs\PraktikumPWEB\pert3\public\index.php(37): CodeIgniter\CodeIgniter->run()
#7 C:\xampp\htdocs\PraktikumPWEB\pert3\system\Commands\Server\rewrite.php(43): require_once('C:\\xampp\\htdocs...')
#8 {main}
CRITICAL - 2021-11-22 00:52:04 --> Invalid file: home_biodata.php
#0 C:\xampp\htdocs\PraktikumPWEB\pert3\system\View\View.php(198): CodeIgniter\Exceptions\FrameworkException::forInvalidFile('home_biodata.ph...')
#1 C:\xampp\htdocs\PraktikumPWEB\pert3\system\Common.php(1092): CodeIgniter\View\View->render('home_biodata', Array, true)
#2 C:\xampp\htdocs\PraktikumPWEB\pert3\app\Controllers\Home.php(9): view('home_biodata')
#3 C:\xampp\htdocs\PraktikumPWEB\pert3\system\CodeIgniter.php(802): App\Controllers\Home->index()
#4 C:\xampp\htdocs\PraktikumPWEB\pert3\system\CodeIgniter.php(399): CodeIgniter\CodeIgniter->runController(Object(App\Controllers\Home))
#5 C:\xampp\htdocs\PraktikumPWEB\pert3\system\CodeIgniter.php(317): CodeIgniter\CodeIgniter->handleRequest(NULL, Object(Config\Cache), false)
#6 C:\xampp\htdocs\PraktikumPWEB\pert3\public\index.php(37): CodeIgniter\CodeIgniter->run()
#7 C:\xampp\htdocs\PraktikumPWEB\pert3\system\Commands\Server\rewrite.php(43): require_once('C:\\xampp\\htdocs...')
#8 {main}
