CRITICAL - 2021-11-09 04:52:24 --> Invalid argument supplied for foreach()
#0 C:\xampp\htdocs\PraktikumPWEB\pert3\app\Views\mahasiswa\index.php(21): CodeIgniter\Debug\Exceptions->errorHandler(2, 'Invalid argumen...', 'C:\\xampp\\htdocs...', 21, Array)
#1 C:\xampp\htdocs\PraktikumPWEB\pert3\system\View\View.php(214): include('C:\\xampp\\htdocs...')
#2 C:\xampp\htdocs\PraktikumPWEB\pert3\system\View\View.php(217): CodeIgniter\View\View->CodeIgniter\View\{closure}()
#3 C:\xampp\htdocs\PraktikumPWEB\pert3\system\Common.php(1092): CodeIgniter\View\View->render('mahasiswa/index', Array, true)
#4 C:\xampp\htdocs\PraktikumPWEB\pert3\app\Controllers\Home.php(9): view('mahasiswa/index')
#5 C:\xampp\htdocs\PraktikumPWEB\pert3\system\CodeIgniter.php(802): App\Controllers\Home->index()
#6 C:\xampp\htdocs\PraktikumPWEB\pert3\system\CodeIgniter.php(399): CodeIgniter\CodeIgniter->runController(Object(App\Controllers\Home))
#7 C:\xampp\htdocs\PraktikumPWEB\pert3\system\CodeIgniter.php(317): CodeIgniter\CodeIgniter->handleRequest(NULL, Object(Config\Cache), false)
#8 C:\xampp\htdocs\PraktikumPWEB\pert3\public\index.php(37): CodeIgniter\CodeIgniter->run()
#9 C:\xampp\htdocs\PraktikumPWEB\pert3\system\Commands\Server\rewrite.php(43): require_once('C:\\xampp\\htdocs...')
#10 {main}
CRITICAL - 2021-11-09 04:52:29 --> Invalid file: mahasiswa.php
#0 C:\xampp\htdocs\PraktikumPWEB\pert3\system\View\View.php(198): CodeIgniter\Exceptions\FrameworkException::forInvalidFile('mahasiswa.php')
#1 C:\xampp\htdocs\PraktikumPWEB\pert3\system\Common.php(1092): CodeIgniter\View\View->render('mahasiswa', Array, true)
#2 C:\xampp\htdocs\PraktikumPWEB\pert3\app\Controllers\Home.php(9): view('mahasiswa')
#3 C:\xampp\htdocs\PraktikumPWEB\pert3\system\CodeIgniter.php(802): App\Controllers\Home->index()
#4 C:\xampp\htdocs\PraktikumPWEB\pert3\system\CodeIgniter.php(399): CodeIgniter\CodeIgniter->runController(Object(App\Controllers\Home))
#5 C:\xampp\htdocs\PraktikumPWEB\pert3\system\CodeIgniter.php(317): CodeIgniter\CodeIgniter->handleRequest(NULL, Object(Config\Cache), false)
#6 C:\xampp\htdocs\PraktikumPWEB\pert3\public\index.php(37): CodeIgniter\CodeIgniter->run()
#7 C:\xampp\htdocs\PraktikumPWEB\pert3\system\Commands\Server\rewrite.php(43): require_once('C:\\xampp\\htdocs...')
#8 {main}
CRITICAL - 2021-11-09 04:55:00 --> Invalid file: mahasiswa.php
#0 C:\xampp\htdocs\PraktikumPWEB\pert3\system\View\View.php(198): CodeIgniter\Exceptions\FrameworkException::forInvalidFile('mahasiswa.php')
#1 C:\xampp\htdocs\PraktikumPWEB\pert3\system\Common.php(1092): CodeIgniter\View\View->render('mahasiswa', Array, true)
#2 C:\xampp\htdocs\PraktikumPWEB\pert3\app\Controllers\Home.php(9): view('mahasiswa')
#3 C:\xampp\htdocs\PraktikumPWEB\pert3\system\CodeIgniter.php(802): App\Controllers\Home->index()
#4 C:\xampp\htdocs\PraktikumPWEB\pert3\system\CodeIgniter.php(399): CodeIgniter\CodeIgniter->runController(Object(App\Controllers\Home))
#5 C:\xampp\htdocs\PraktikumPWEB\pert3\system\CodeIgniter.php(317): CodeIgniter\CodeIgniter->handleRequest(NULL, Object(Config\Cache), false)
#6 C:\xampp\htdocs\PraktikumPWEB\pert3\public\index.php(37): CodeIgniter\CodeIgniter->run()
#7 C:\xampp\htdocs\PraktikumPWEB\pert3\system\Commands\Server\rewrite.php(43): require_once('C:\\xampp\\htdocs...')
#8 {main}
CRITICAL - 2021-11-09 05:15:12 --> Too few arguments to function App\Controllers\Mahasiswa::detail(), 0 passed in C:\xampp\htdocs\PraktikumPWEB\pert3\system\CodeIgniter.php on line 802 and exactly 1 expected
#0 C:\xampp\htdocs\PraktikumPWEB\pert3\system\CodeIgniter.php(802): App\Controllers\Mahasiswa->detail()
#1 C:\xampp\htdocs\PraktikumPWEB\pert3\system\CodeIgniter.php(399): CodeIgniter\CodeIgniter->runController(Object(App\Controllers\Mahasiswa))
#2 C:\xampp\htdocs\PraktikumPWEB\pert3\system\CodeIgniter.php(317): CodeIgniter\CodeIgniter->handleRequest(NULL, Object(Config\Cache), false)
#3 C:\xampp\htdocs\PraktikumPWEB\pert3\public\index.php(37): CodeIgniter\CodeIgniter->run()
#4 C:\xampp\htdocs\PraktikumPWEB\pert3\system\Commands\Server\rewrite.php(43): require_once('C:\\xampp\\htdocs...')
#5 {main}
CRITICAL - 2021-11-09 05:15:18 --> Too few arguments to function App\Controllers\Mahasiswa::detail(), 0 passed in C:\xampp\htdocs\PraktikumPWEB\pert3\system\CodeIgniter.php on line 802 and exactly 1 expected
#0 C:\xampp\htdocs\PraktikumPWEB\pert3\system\CodeIgniter.php(802): App\Controllers\Mahasiswa->detail()
#1 C:\xampp\htdocs\PraktikumPWEB\pert3\system\CodeIgniter.php(399): CodeIgniter\CodeIgniter->runController(Object(App\Controllers\Mahasiswa))
#2 C:\xampp\htdocs\PraktikumPWEB\pert3\system\CodeIgniter.php(317): CodeIgniter\CodeIgniter->handleRequest(NULL, Object(Config\Cache), false)
#3 C:\xampp\htdocs\PraktikumPWEB\pert3\public\index.php(37): CodeIgniter\CodeIgniter->run()
#4 C:\xampp\htdocs\PraktikumPWEB\pert3\system\Commands\Server\rewrite.php(43): require_once('C:\\xampp\\htdocs...')
#5 {main}
